2025-03-05T14:27:12.815+01:00  INFO 15316 --- [PrintStainServer] [main] c.g.z.P.PrintStainServerApplication      : Starting PrintStainServerApplication using Java 23.0.2 with PID 15316 (C:\Users\dabac\IdeaProjects\PrintStainServer\target\classes started by dabac in C:\Users\dabac\IdeaProjects\PrintStainServer)
2025-03-05T14:27:12.816+01:00 DEBUG 15316 --- [PrintStainServer] [main] c.g.z.P.PrintStainServerApplication      : Running with Spring Boot v3.3.5, Spring v6.1.14
2025-03-05T14:27:12.817+01:00  INFO 15316 --- [PrintStainServer] [main] c.g.z.P.PrintStainServerApplication      : No active profile set, falling back to 1 default profile: "default"
2025-03-05T14:27:13.703+01:00  INFO 15316 --- [PrintStainServer] [main] .s.d.r.c.RepositoryConfigurationDelegate : Bootstrapping Spring Data JPA repositories in DEFAULT mode.
2025-03-05T14:27:13.759+01:00  INFO 15316 --- [PrintStainServer] [main] .s.d.r.c.RepositoryConfigurationDelegate : Finished Spring Data repository scanning in 49 ms. Found 5 JPA repository interfaces.
2025-03-05T14:27:14.348+01:00  INFO 15316 --- [PrintStainServer] [main] o.s.b.w.embedded.tomcat.TomcatWebServer  : Tomcat initialized with port 8080 (http)
2025-03-05T14:27:14.359+01:00  INFO 15316 --- [PrintStainServer] [main] o.apache.catalina.core.StandardService   : Starting service [Tomcat]
2025-03-05T14:27:14.359+01:00  INFO 15316 --- [PrintStainServer] [main] o.apache.catalina.core.StandardEngine    : Starting Servlet engine: [Apache Tomcat/10.1.31]
2025-03-05T14:27:14.414+01:00  INFO 15316 --- [PrintStainServer] [main] o.a.c.c.C.[Tomcat].[localhost].[/]       : Initializing Spring embedded WebApplicationContext
2025-03-05T14:27:14.414+01:00  INFO 15316 --- [PrintStainServer] [main] w.s.c.ServletWebServerApplicationContext : Root WebApplicationContext: initialization completed in 1549 ms
2025-03-05T14:27:14.654+01:00  INFO 15316 --- [PrintStainServer] [main] o.hibernate.jpa.internal.util.LogHelper  : HHH000204: Processing PersistenceUnitInfo [name: default]
2025-03-05T14:27:14.696+01:00  INFO 15316 --- [PrintStainServer] [main] org.hibernate.Version                    : HHH000412: Hibernate ORM core version 6.5.3.Final
2025-03-05T14:27:14.721+01:00  INFO 15316 --- [PrintStainServer] [main] o.h.c.internal.RegionFactoryInitiator    : HHH000026: Second-level cache disabled
2025-03-05T14:27:14.948+01:00  INFO 15316 --- [PrintStainServer] [main] o.s.o.j.p.SpringPersistenceUnitInfo      : No LoadTimeWeaver setup: ignoring JPA class transformer
2025-03-05T14:27:14.971+01:00  INFO 15316 --- [PrintStainServer] [main] com.zaxxer.hikari.HikariDataSource       : HikariPool-1 - Starting...
2025-03-05T14:27:15.095+01:00  INFO 15316 --- [PrintStainServer] [main] com.zaxxer.hikari.pool.HikariPool        : HikariPool-1 - Added connection org.postgresql.jdbc.PgConnection@62cf86d6
2025-03-05T14:27:15.096+01:00  INFO 15316 --- [PrintStainServer] [main] com.zaxxer.hikari.HikariDataSource       : HikariPool-1 - Start completed.
2025-03-05T14:27:16.044+01:00  INFO 15316 --- [PrintStainServer] [main] o.h.e.t.j.p.i.JtaPlatformInitiator       : HHH000489: No JTA platform available (set 'hibernate.transaction.jta.platform' to enable JTA platform integration)
2025-03-05T14:27:16.061+01:00  INFO 15316 --- [PrintStainServer] [main] org.hibernate.orm.connections.access     : HHH10001501: Connection obtained from JdbcConnectionAccess [org.hibernate.engine.jdbc.env.internal.JdbcEnvironmentInitiator$ConnectionProviderJdbcConnectionAccess@19f9404d] for (non-JTA) DDL execution was not in auto-commit mode; the Connection 'local transaction' will be committed and the Connection will be set into auto-commit mode.
2025-03-05T14:27:16.189+01:00  INFO 15316 --- [PrintStainServer] [main] j.LocalContainerEntityManagerFactoryBean : Initialized JPA EntityManagerFactory for persistence unit 'default'
2025-03-05T14:27:16.493+01:00 DEBUG 15316 --- [PrintStainServer] [main] c.g.z.P.s.filter.JwtAuthorizationFilter  : Filter 'jwtAuthorizationFilter' configured for use
2025-03-05T14:27:16.672+01:00  INFO 15316 --- [PrintStainServer] [main] r$InitializeUserDetailsManagerConfigurer : Global AuthenticationManager configured with UserDetailsService bean with name userDetailsServiceImp
2025-03-05T14:27:17.097+01:00  INFO 15316 --- [PrintStainServer] [main] o.s.b.a.e.web.EndpointLinksResolver      : Exposing 1 endpoint beneath base path '/actuator'
2025-03-05T14:27:17.649+01:00  INFO 15316 --- [PrintStainServer] [main] o.s.b.w.embedded.tomcat.TomcatWebServer  : Tomcat started on port 8080 (http) with context path '/'
2025-03-05T14:27:17.660+01:00  INFO 15316 --- [PrintStainServer] [main] c.g.z.P.PrintStainServerApplication      : Started PrintStainServerApplication in 5.206 seconds (process running for 5.748)
2025-03-05T14:27:18.195+01:00  INFO 15316 --- [PrintStainServer] [RMI TCP Connection(4)-192.168.1.254] o.a.c.c.C.[Tomcat].[localhost].[/]       : Initializing Spring DispatcherServlet 'dispatcherServlet'
2025-03-05T14:27:18.196+01:00  INFO 15316 --- [PrintStainServer] [RMI TCP Connection(4)-192.168.1.254] o.s.web.servlet.DispatcherServlet        : Initializing Servlet 'dispatcherServlet'
2025-03-05T14:27:18.197+01:00  INFO 15316 --- [PrintStainServer] [RMI TCP Connection(4)-192.168.1.254] o.s.web.servlet.DispatcherServlet        : Completed initialization in 1 ms
2025-03-05T14:27:52.192+01:00  INFO 15316 --- [PrintStainServer] [SpringApplicationShutdownHook] j.LocalContainerEntityManagerFactoryBean : Closing JPA EntityManagerFactory for persistence unit 'default'
2025-03-05T14:27:52.194+01:00  INFO 15316 --- [PrintStainServer] [SpringApplicationShutdownHook] com.zaxxer.hikari.HikariDataSource       : HikariPool-1 - Shutdown initiated...
2025-03-05T14:27:52.198+01:00  INFO 15316 --- [PrintStainServer] [SpringApplicationShutdownHook] com.zaxxer.hikari.HikariDataSource       : HikariPool-1 - Shutdown completed.
